{"name": "test_buy_product", "status": "broken", "statusDetails": {"message": "selenium.common.exceptions.TimeoutException: Message: \nStacktrace:\n\tGetHandleVerifier [0x00007FF7F23A2142+3514994]\n\t(No symbol) [0x00007FF7F1FC0CE2]\n\t(No symbol) [0x00007FF7F1E676AA]\n\t(No symbol) [0x00007FF7F1EB1860]\n\t(No symbol) [0x00007FF7F1EB197C]\n\t(No symbol) [0x00007FF7F1EF4EE7]\n\t(No symbol) [0x00007FF7F1ED602F]\n\t(No symbol) [0x00007FF7F1EF28F6]\n\t(No symbol) [0x00007FF7F1ED5D93]\n\t(No symbol) [0x00007FF7F1EA4BDC]\n\t(No symbol) [0x00007FF7F1EA5C64]\n\tGetHandleVerifier [0x00007FF7F23CE16B+3695259]\n\tGetHandleVerifier [0x00007FF7F2426737+4057191]\n\tGetHandleVerifier [0x00007FF7F241E4E3+4023827]\n\tGetHandleVerifier [0x00007FF7F20F04F9+689705]\n\t(No symbol) [0x00007FF7F1FCC048]\n\t(No symbol) [0x00007FF7F1FC8044]\n\t(No symbol) [0x00007FF7F1FC81C9]\n\t(No symbol) [0x00007FF7F1FB88C4]\n\tBaseThreadInitThunk [0x00007FFD29657614+20]\n\tRtlUserThreadStart [0x00007FFD298C26F1+33]", "trace": "@allure.description(\"Test buy product\")\n    def test_buy_product():\n        options = Options()\n        options.add_experimental_option('excludeSwitches', ['enable-logging'])\n        options = webdriver.ChromeOptions()\n        options.page_load_strategy = 'eager'\n        options.add_experimental_option(\"detach\", True)\n        g = Service()\n        driver = webdriver.Chrome(options=options, service=g)\n    \n        print(\"Start test\")\n    \n        login = Login_page(driver)\n>       login.authorization()\n\ntests\\test_buy_product.py:33: \n_ _ _ _ _ _ _ _ _ _ _ _ _ _ _ _ _ _ _ _ _ _ _ _ _ _ _ _ _ _ _ _ _ _ _ _ _ _ _ _ _ _ _ _ _ _ _ _ _ _ _ _ _ _\npages\\login_page.py:58: in authorization\n    self.input_username(\"standard_user\")\npages\\login_page.py:39: in input_username\n    self.get_username().send_keys(username)\npages\\login_page.py:26: in get_username\n    return WebDriverWait(self.driver, 30).until(EC.element_to_be_clickable((By.XPATH, self.username)))\n_ _ _ _ _ _ _ _ _ _ _ _ _ _ _ _ _ _ _ _ _ _ _ _ _ _ _ _ _ _ _ _ _ _ _ _ _ _ _ _ _ _ _ _ _ _ _ _ _ _ _ _ _ _\n\nself = <selenium.webdriver.support.wait.WebDriverWait (session=\"a0f46b37c09da4e7a83eb2f84d7c9d6b\")>\nmethod = <function element_to_be_clickable.<locals>._predicate at 0x000001F074DD6340>, message = ''\n\n    def until(self, method: Callable[[D], Union[Literal[False], T]], message: str = \"\") -> T:\n        \"\"\"Calls the method provided with the driver as an argument until the \\\n        return value does not evaluate to ``False``.\n    \n        :param method: callable(WebDriver)\n        :param message: optional message for :exc:`TimeoutException`\n        :returns: the result of the last call to `method`\n        :raises: :exc:`selenium.common.exceptions.TimeoutException` if timeout occurs\n        \"\"\"\n        screen = None\n        stacktrace = None\n    \n        end_time = time.monotonic() + self._timeout\n        while True:\n            try:\n                value = method(self._driver)\n                if value:\n                    return value\n            except self._ignored_exceptions as exc:\n                screen = getattr(exc, \"screen\", None)\n                stacktrace = getattr(exc, \"stacktrace\", None)\n            time.sleep(self._poll)\n            if time.monotonic() > end_time:\n                break\n>       raise TimeoutException(message, screen, stacktrace)\nE       selenium.common.exceptions.TimeoutException: Message: \nE       Stacktrace:\nE       \tGetHandleVerifier [0x00007FF7F23A2142+3514994]\nE       \t(No symbol) [0x00007FF7F1FC0CE2]\nE       \t(No symbol) [0x00007FF7F1E676AA]\nE       \t(No symbol) [0x00007FF7F1EB1860]\nE       \t(No symbol) [0x00007FF7F1EB197C]\nE       \t(No symbol) [0x00007FF7F1EF4EE7]\nE       \t(No symbol) [0x00007FF7F1ED602F]\nE       \t(No symbol) [0x00007FF7F1EF28F6]\nE       \t(No symbol) [0x00007FF7F1ED5D93]\nE       \t(No symbol) [0x00007FF7F1EA4BDC]\nE       \t(No symbol) [0x00007FF7F1EA5C64]\nE       \tGetHandleVerifier [0x00007FF7F23CE16B+3695259]\nE       \tGetHandleVerifier [0x00007FF7F2426737+4057191]\nE       \tGetHandleVerifier [0x00007FF7F241E4E3+4023827]\nE       \tGetHandleVerifier [0x00007FF7F20F04F9+689705]\nE       \t(No symbol) [0x00007FF7F1FCC048]\nE       \t(No symbol) [0x00007FF7F1FC8044]\nE       \t(No symbol) [0x00007FF7F1FC81C9]\nE       \t(No symbol) [0x00007FF7F1FB88C4]\nE       \tBaseThreadInitThunk [0x00007FFD29657614+20]\nE       \tRtlUserThreadStart [0x00007FFD298C26F1+33]\n\nC:\\Program Files\\Python312\\Lib\\site-packages\\selenium\\webdriver\\support\\wait.py:105: TimeoutException"}, "description": "Test buy product", "steps": [{"name": "authorization", "status": "broken", "statusDetails": {"message": "selenium.common.exceptions.TimeoutException: Message: \nStacktrace:\n\tGetHandleVerifier [0x00007FF7F23A2142+3514994]\n\t(No symbol) [0x00007FF7F1FC0CE2]\n\t(No symbol) [0x00007FF7F1E676AA]\n\t(No symbol) [0x00007FF7F1EB1860]\n\t(No symbol) [0x00007FF7F1EB197C]\n\t(No symbol) [0x00007FF7F1EF4EE7]\n\t(No symbol) [0x00007FF7F1ED602F]\n\t(No symbol) [0x00007FF7F1EF28F6]\n\t(No symbol) [0x00007FF7F1ED5D93]\n\t(No symbol) [0x00007FF7F1EA4BDC]\n\t(No symbol) [0x00007FF7F1EA5C64]\n\tGetHandleVerifier [0x00007FF7F23CE16B+3695259]\n\tGetHandleVerifier [0x00007FF7F2426737+4057191]\n\tGetHandleVerifier [0x00007FF7F241E4E3+4023827]\n\tGetHandleVerifier [0x00007FF7F20F04F9+689705]\n\t(No symbol) [0x00007FF7F1FCC048]\n\t(No symbol) [0x00007FF7F1FC8044]\n\t(No symbol) [0x00007FF7F1FC81C9]\n\t(No symbol) [0x00007FF7F1FB88C4]\n\tBaseThreadInitThunk [0x00007FFD29657614+20]\n\tRtlUserThreadStart [0x00007FFD298C26F1+33]\n\n", "trace": "  File \"C:\\main_project\\pages\\login_page.py\", line 58, in authorization\n    self.input_username(\"standard_user\")\n  File \"C:\\main_project\\pages\\login_page.py\", line 39, in input_username\n    self.get_username().send_keys(username)\n    ^^^^^^^^^^^^^^^^^^^\n  File \"C:\\main_project\\pages\\login_page.py\", line 26, in get_username\n    return WebDriverWait(self.driver, 30).until(EC.element_to_be_clickable((By.XPATH, self.username)))\n           ^^^^^^^^^^^^^^^^^^^^^^^^^^^^^^^^^^^^^^^^^^^^^^^^^^^^^^^^^^^^^^^^^^^^^^^^^^^^^^^^^^^^^^^^^^^\n  File \"C:\\Program Files\\Python312\\Lib\\site-packages\\selenium\\webdriver\\support\\wait.py\", line 105, in until\n    raise TimeoutException(message, screen, stacktrace)\n"}, "start": 1705870385030, "stop": 1705870416349}], "attachments": [{"name": "stdout", "source": "8ea4ea8e-f74b-491e-a30b-808f72f980ca-attachment.txt", "type": "text/plain"}], "start": 1705870383461, "stop": 1705870416353, "uuid": "9d473d4a-dd88-4c07-a0f9-23f2b1b46f16", "historyId": "22557127bd8e5c9d27d61f44787213b8", "testCaseId": "22557127bd8e5c9d27d61f44787213b8", "fullName": "tests.test_buy_product#test_buy_product", "labels": [{"name": "parentSuite", "value": "tests"}, {"name": "suite", "value": "test_buy_product"}, {"name": "host", "value": "WIN-CNS9H6I2OPA"}, {"name": "thread", "value": "12156-MainThread"}, {"name": "framework", "value": "pytest"}, {"name": "language", "value": "cpython3"}, {"name": "package", "value": "tests.test_buy_product"}]}